<?xml version="1.0" encoding="UTF-8" ?>
<testsuite errors="0" failures="0" hostname="DESKTOP-F3HUAUH" name="DrawingBoardTest" skipped="0" tests="6" time="0.844" timestamp="2019-03-13T10:34:23">
  <properties>
    <property name="netbeans.autoupdate.country" value="US" />
    <property name="javac.test.classpath" value=":build/classes:lib/hamcrest-core-1.3.jar:lib/junit-4.11.jar:lib/edu-test-utils.jar" />
    <property name="javac.includes" value="DrawingBoardTest.java" />
    <property name="ant.core.lib" value="D:\Program Files\tmcbeans\extide\ant\lib\ant.jar" />
    <property name="javadoc.windowtitle" value="" />
    <property name="user.dir" value="D:\Rifqi\NetBeansProjects\mooc-2013-OOProgrammingWithJava-PART2\week11-week11_41.DrawingBoard" />
    <property name="java.vm.version" value="25.144-b01" />
    <property name="libs.eclipselinkmodelgen.src" value="" />
    <property name="javadoc.notree" value="false" />
    <property name="netbeans.autoupdate.version" value="1.23" />
    <property name="jdk.home" value="C:\Program Files\Java\jdk1.8.0_144" />
    <property name="libs.javac-api.src" value="" />
    <property name="javadoc.noindex" value="false" />
    <property name="sun.os.patch.level" value="" />
    <property name="do.archive+manifest.available" value="true" />
    <property name="java.vm.specification.name" value="Java Virtual Machine Specification" />
    <property name="netbeans.autoupdate.variant" value="" />
    <property name="have.tests" value="true" />
    <property name="org.xml.sax.driver" value="com.sun.org.apache.xerces.internal.jaxp.SAXParserImpl$JAXPSAXParser" />
    <property name="libs.hamcrest.classpath" value="D:\Program Files\netbeans\platform\modules\ext\hamcrest-core-1.3.jar" />
    <property name="libs.javac-api.javadoc" value="" />
    <property name="os.name" value="Windows 10" />
    <property name="test.class" value="DrawingBoardTest" />
    <property name="ap.proc.none.internal" value="" />
    <property name="libs.JWSAntTasks.maven-pom" value="" />
    <property name="jnlp.signing.keystore" value="" />
    <property name="libs.testng.src" value="" />
    <property name="java.vendor.url.bug" value="http://bugreport.sun.com/bugreport/" />
    <property name="netbeans.user.dir" value="D:\Program Files\tmcbeans\bin" />
    <property name="libs.jaxb.maven-pom" value="" />
    <property name="os.arch" value="amd64" />
    <property name="libs.eclipselink.src" value="" />
    <property name="user.name" value="Rifqi" />
    <property name="manifest.available+main.class" value="true" />
    <property name="sun.java.command" value="org.apache.tools.ant.taskdefs.optional.junit.JUnitTestRunner DrawingBoardTest skipNonTests=false filtertrace=true haltOnError=false haltOnFailure=false showoutput=true outputtoformatters=true logfailedtests=true threadid=0 logtestlistenerevents=true formatter=org.apache.tools.ant.taskdefs.optional.junit.BriefJUnitResultFormatter formatter=org.apache.tools.ant.taskdefs.optional.junit.XMLJUnitResultFormatter,D:\Rifqi\NetBeansProjects\mooc-2013-OOProgrammingWithJava-PART2\week11-week11_41.DrawingBoard\build\test\results\TEST-DrawingBoardTest.xml crashfile=D:\Rifqi\NetBeansProjects\mooc-2013-OOProgrammingWithJava-PART2\week11-week11_41.DrawingBoard\build\junitvmwatcher8515325406572753885.properties propsfile=D:\Rifqi\NetBeansProjects\mooc-2013-OOProgrammingWithJava-PART2\week11-week11_41.DrawingBoard\build\junit4092155273542421273.properties" />
    <property name="build.classes.dir" value="build/classes" />
    <property name="jnlp.descriptor" value="application" />
    <property name="build.sysclasspath" value="ignore" />
    <property name="ant.file.type.159.JatkanshakinSovelluslogiikka-impl" value="file" />
    <property name="ap.supported.internal" value="true" />
    <property name="run.modulepath" value="" />
    <property name="libs.jaxws21.javadoc" value="D:\Program Files\netbeans\java\docs\jaxws-api-doc.zip" />
    <property name="includes" value="**" />
    <property name="user.country" value="US" />
    <property name="manifest.file" value="manifest.mf" />
    <property name="javadoc.encoding" value="UTF-8" />
    <property name="javac.classpath" value="" />
    <property name="libs.spring-framework400.classpath" value="D:\Program Files\netbeans\ide\modules\org-apache-commons-logging.jar;D:\Program Files\netbeans\java\modules\ext\cglib-2.2.jar;D:\Program Files\netbeans\java\modules\ext\spring-4\spring-aop-4.0.1.RELEASE.jar;D:\Program Files\netbeans\java\modules\ext\spring-4\spring-aspects-4.0.1.RELEASE.jar;D:\Program Files\netbeans\java\modules\ext\spring-4\spring-beans-4.0.1.RELEASE.jar;D:\Program Files\netbeans\java\modules\ext\spring-4\spring-build-src-4.0.1.RELEASE.jar;D:\Program Files\netbeans\java\modules\ext\spring-4\spring-context-4.0.1.RELEASE.jar;D:\Program Files\netbeans\java\modules\ext\spring-4\spring-context-support-4.0.1.RELEASE.jar;D:\Program Files\netbeans\java\modules\ext\spring-4\spring-core-4.0.1.RELEASE.jar;D:\Program Files\netbeans\java\modules\ext\spring-4\spring-expression-4.0.1.RELEASE.jar;D:\Program Files\netbeans\java\modules\ext\spring-4\spring-framework-bom-4.0.1.RELEASE.jar;D:\Program Files\netbeans\java\modules\ext\spring-4\spring-instrument-4.0.1.RELEASE.jar;D:\Program Files\netbeans\java\modules\ext\spring-4\spring-instrument-tomcat-4.0.1.RELEASE.jar;D:\Program Files\netbeans\java\modules\ext\spring-4\spring-jdbc-4.0.1.RELEASE.jar;D:\Program Files\netbeans\java\modules\ext\spring-4\spring-jms-4.0.1.RELEASE.jar;D:\Program Files\netbeans\java\modules\ext\spring-4\spring-messaging-4.0.1.RELEASE.jar;D:\Program Files\netbeans\java\modules\ext\spring-4\spring-orm-4.0.1.RELEASE.jar;D:\Program Files\netbeans\java\modules\ext\spring-4\spring-oxm-4.0.1.RELEASE.jar;D:\Program Files\netbeans\java\modules\ext\spring-4\spring-test-4.0.1.RELEASE.jar;D:\Program Files\netbeans\java\modules\ext\spring-4\spring-tx-4.0.1.RELEASE.jar;D:\Program Files\netbeans\java\modules\ext\spring-4\spring-web-4.0.1.RELEASE.jar;D:\Program Files\netbeans\java\modules\ext\spring-4\spring-webmvc-4.0.1.RELEASE.jar;D:\Program Files\netbeans\java\modules\ext\spring-4\spring-webmvc-portlet-4.0.1.RELEASE.jar;D:\Program Files\netbeans\java\modules\ext\spring-4\spring-websocket-4.0.1.RELEASE.jar" />
    <property name="debug-transport" value="dt_shmem" />
    <property name="netbeans.home" value="D:\Program Files\tmcbeans\platform" />
    <property name="build.compiler.emacs" value="true" />
    <property name="javac.modulepath" value="" />
    <property name="java.endorsed.dirs" value="C:\Program Files\Java\jdk1.8.0_144\jre\lib\endorsed" />
    <property name="user.language.format" value="id" />
    <property name="libs.groovy-all.src" value="" />
    <property name="libs.junit_5.src" value="D:\Program Files\netbeans\platform\docs\junit-jupiter-api-5.3.1-sources.jar;D:\Program Files\netbeans\platform\docs\junit-jupiter-params-5.3.1-sources.jar;D:\Program Files\netbeans\platform\docs\junit-jupiter-engine-5.3.1-sources.jar" />
    <property name="test.includes" value="DrawingBoardTest.java" />
    <property name="netbeans.dynamic.classpath" value="D:\Program Files\tmcbeans\platform\core\asm-all-5.0.1.jar;D:\Program Files\tmcbeans\platform\core\core-base.jar;D:\Program Files\tmcbeans\platform\core\core.jar;D:\Program Files\tmcbeans\platform\core\org-netbeans-libs-asm.jar;D:\Program Files\tmcbeans\platform\core\org-openide-filesystems-compat8.jar;D:\Program Files\tmcbeans\platform\core\org-openide-filesystems.jar;D:\Program Files\tmcbeans\platform\core\locale\core-base_ja.jar;D:\Program Files\tmcbeans\platform\core\locale\core-base_pt_BR.jar;D:\Program Files\tmcbeans\platform\core\locale\core-base_ru.jar;D:\Program Files\tmcbeans\platform\core\locale\core-base_zh_CN.jar;D:\Program Files\tmcbeans\platform\core\locale\core_ja.jar;D:\Program Files\tmcbeans\platform\core\locale\core_pt_BR.jar;D:\Program Files\tmcbeans\platform\core\locale\core_ru.jar;D:\Program Files\tmcbeans\platform\core\locale\core_zh_CN.jar;D:\Program Files\tmcbeans\platform\core\locale\org-netbeans-libs-asm_ja.jar;D:\Program Files\tmcbeans\platform\core\locale\org-netbeans-libs-asm_pt_BR.jar;D:\Program Files\tmcbeans\platform\core\locale\org-netbeans-libs-asm_ru.jar;D:\Program Files\tmcbeans\platform\core\locale\org-netbeans-libs-asm_zh_CN.jar;D:\Program Files\tmcbeans\platform\core\locale\org-openide-filesystems-compat8_ja.jar;D:\Program Files\tmcbeans\platform\core\locale\org-openide-filesystems-compat8_pt_BR.jar;D:\Program Files\tmcbeans\platform\core\locale\org-openide-filesystems-compat8_ru.jar;D:\Program Files\tmcbeans\platform\core\locale\org-openide-filesystems-compat8_zh_CN.jar;D:\Program Files\tmcbeans\platform\core\locale\org-openide-filesystems_ja.jar;D:\Program Files\tmcbeans\platform\core\locale\org-openide-filesystems_pt_BR.jar;D:\Program Files\tmcbeans\platform\core\locale\org-openide-filesystems_ru.jar;D:\Program Files\tmcbeans\platform\core\locale\org-openide-filesystems_zh_CN.jar;D:\Program Files\tmcbeans\tmcbeans\core\locale\core_tmcbeans.jar;D:\Program Files\tmcbeans\nb\core\org-netbeans-upgrader.jar;D:\Program Files\tmcbeans\nb\core\locale\org-netbeans-upgrader_ja.jar;D:\Program Files\tmcbeans\nb\core\locale\org-netbeans-upgrader_pt_BR.jar;D:\Program Files\tmcbeans\nb\core\locale\org-netbeans-upgrader_ru.jar;D:\Program Files\tmcbeans\nb\core\locale\org-netbeans-upgrader_zh_CN.jar" />
    <property name="jnlp.enabled" value="false" />
    <property name="java.vm.specification.version" value="1.8" />
    <property name="libs.groovy-all.maven-pom" value="" />
    <property name="netbeans.productversion" value="Netbeans with TMC 201609300101" />
    <property name="file.reference.junit-4.11.jar" value="lib/junit-4.11.jar" />
    <property name="libs.jaxws21.src" value="" />
    <property name="application.title" value="week11_41.DrawingBoard" />
    <property name="do.archive" value="true" />
    <property name="netbeans.autoupdate.language" value="en" />
    <property name="java.vendor" value="Oracle Corporation" />
    <property name="jar.index.metainf" value="false" />
    <property name="javac.debug" value="true" />
    <property name="javadoc.splitindex" value="true" />
    <property name="file.separator" value="\" />
    <property name="javac.includesfile.binary" value="D:\Rifqi\NetBeansProjects\mooc-2013-OOProgrammingWithJava-PART2\week11-week11_41.DrawingBoard\null337448548" />
    <property name="libs.junit_4.maven-pom" value="" />
    <property name="mkdist.disabled" value="false" />
    <property name="javac.test.processorpath" value=":build/classes:lib/hamcrest-core-1.3.jar:lib/junit-4.11.jar:lib/edu-test-utils.jar" />
    <property name="netbeans.buildnumber" value="1.2.4" />
    <property name="libs.JWSAntTasks.javadoc" value="" />
    <property name="build.generated.sources.dir" value="build/generated-sources" />
    <property name="user.variant" value="" />
    <property name="libs.eclipselinkmodelgen.classpath" value="D:\Program Files\netbeans\java\modules\ext\eclipselink\org.eclipse.persistence.jpa.modelgen.processor-2.5.2.jar" />
    <property name="sun.java.launcher" value="SUN_STANDARD" />
    <property name="libs.jaxb.javadoc" value="D:\Program Files\netbeans\ide\docs\jaxb-api-2.2.5-javadoc.jar" />
    <property name="javac.includes.binary" value="D:\Rifqi\NetBeansProjects\mooc-2013-OOProgrammingWithJava-PART2\week11-week11_41.DrawingBoard\build\test\classes\DrawingBoardTest.class" />
    <property name="ant.home" value="D:\Program Files\tmcbeans\extide\ant" />
    <property name="libs.junit_4.src" value="D:\Program Files\netbeans\platform\docs\junit-4.12-sources.jar" />
    <property name="libs.testng.classpath" value="D:\Program Files\netbeans\platform\modules\ext\testng-6.8.1-dist.jar" />
    <property name="libs.absolutelayout.maven-pom" value="" />
    <property name="ant.java.version" value="1.8" />
    <property name="java.library.path" value="C:\Program Files\Java\jdk1.8.0_144\jre\bin;C:\WINDOWS\Sun\Java\bin;C:\WINDOWS\system32;C:\WINDOWS;C:\Program Files (x86)\Common Files\Oracle\Java\javapath;C:\ProgramData\Oracle\Java\javapath;C:\WINDOWS\system32;C:\WINDOWS;C:\WINDOWS\System32\Wbem;C:\WINDOWS\System32\WindowsPowerShell\v1.0\;C:\Program Files (x86)\ATI Technologies\ATI.ACE\Core-Static;C:\Users\Rifqi\AppData\Local\Microsoft\WindowsApps;C:\adb;C:\WINDOWS\system32;C:\WINDOWS;C:\WINDOWS\System32\Wbem;C:\WINDOWS\System32\WindowsPowerShell\v1.0\;C:\WINDOWS\System32\OpenSSH\;C:\Program Files\Prio;C:\Program Files (x86)\Brackets\command;C:\Program Files\nodejs\;C:\Users\Rifqi\AppData\Local\Microsoft\WindowsApps;C:\Users\Rifqi\AppData\Roaming\npm;." />
    <property name="javadoc.author" value="false" />
    <property name="manifest.available+main.class-mkdist.available" value="true" />
    <property name="java.util.logging.config.class" value="org.netbeans.core.startup.TopLogging" />
    <property name="libs.spring-framework400.src" value="" />
    <property name="libs.PostgreSQLDriver.src" value="" />
    <property name="sun.arch.data.model" value="64" />
    <property name="basedir" value="D:\Rifqi\NetBeansProjects\mooc-2013-OOProgrammingWithJava-PART2\week11-week11_41.DrawingBoard" />
    <property name="libs.jpa20-persistence.maven-pom" value="" />
    <property name="jar.compress" value="false" />
    <property name="path.separator" value=";" />
    <property name="ant.junit.enabletestlistenerevents" value="true" />
    <property name="sun.io.unicode.encoding" value="UnicodeLittle" />
    <property name="libs.jaxws21.classpath" value="D:\Program Files\netbeans\java\modules\ext\jaxws22\FastInfoset.jar;D:\Program Files\netbeans\java\modules\ext\jaxws22\gmbal-api-only.jar;D:\Program Files\netbeans\java\modules\ext\jaxws22\ha-api.jar;D:\Program Files\netbeans\java\modules\ext\jaxws22\javax.mail_1.4.jar;D:\Program Files\netbeans\java\modules\ext\jaxws22\jaxws-rt.jar;D:\Program Files\netbeans\java\modules\ext\jaxws22\jaxws-tools.jar;D:\Program Files\netbeans\java\modules\ext\jaxws22\management-api.jar;D:\Program Files\netbeans\java\modules\ext\jaxws22\mimepull.jar;D:\Program Files\netbeans\java\modules\ext\jaxws22\policy.jar;D:\Program Files\netbeans\java\modules\ext\jaxws22\saaj-impl.jar;D:\Program Files\netbeans\java\modules\ext\jaxws22\stax-ex.jar;D:\Program Files\netbeans\java\modules\ext\jaxws22\stax2-api.jar;D:\Program Files\netbeans\java\modules\ext\jaxws22\streambuffer.jar;D:\Program Files\netbeans\java\modules\ext\jaxws22\woodstox-core-asl.jar;D:\Program Files\netbeans\java\modules\ext\jaxws22\api\jaxws-api.jar;D:\Program Files\netbeans\java\modules\ext\jaxws22\api\jsr181-api.jar;D:\Program Files\netbeans\java\modules\ext\jaxws22\api\javax.annotation.jar;D:\Program Files\netbeans\java\modules\ext\jaxws22\api\saaj-api.jar;D:\Program Files\netbeans\ide\modules\ext\jaxb\activation.jar;D:\Program Files\netbeans\ide\modules\ext\jaxb\api\jaxb-api.jar" />
    <property name="apple.awt.graphics.UseQuartz" value="true" />
    <property name="user.language" value="en" />
    <property name="ant.file.163.PiirtoalustaJaPiirtaminen" value="D:\Rifqi\NetBeansProjects\mooc-2013-OOProgrammingWithJava-PART2\week11-week11_41.DrawingBoard\build.xml" />
    <property name="libs.JAXB-ENDORSED.maven-pom" value="" />
    <property name="libs.eclipselink.maven-pom" value="" />
    <property name="application.vendor" value="" />
    <property name="manifest.available" value="true" />
    <property name="libs.spring-framework300.maven-pom" value="" />
    <property name="run.test.classpath" value=":build/classes:lib/hamcrest-core-1.3.jar:lib/junit-4.11.jar:lib/edu-test-utils.jar:build/test/classes" />
    <property name="ant.project.invoked-targets" value="test-single" />
    <property name="ant.file.type.163.PiirtoalustaJaPiirtaminen" value="file" />
    <property name="https.nonProxyHosts" value="localhost|127.0.0.1|DESKTOP-F3HUAUH" />
    <property name="libs.PostgreSQLDriver.maven-pom" value="" />
    <property name="java.class.version" value="52.0" />
    <property name="libs.eclipselink.javadoc" value="" />
    <property name="user.properties.file" value="C:\Users\Rifqi\AppData\Roaming\NetBeans\10.0\build.properties" />
    <property name="runtime.encoding" value="UTF-8" />
    <property name="libs.javac-api.maven-pom" value="" />
    <property name="file.encoding.pkg" value="sun.io" />
    <property name="sun.cpu.endian" value="little" />
    <property name="libs.JAXB-ENDORSED.javadoc" value="" />
    <property name="libs.JWSAntTasks.classpath" value="D:\Program Files\netbeans\java\ant\extra\org-netbeans-modules-javawebstart-anttasks.jar" />
    <property name="libs.spring-framework300.src" value="" />
    <property name="empty.dir" value="D:\Rifqi\NetBeansProjects\mooc-2013-OOProgrammingWithJava-PART2\week11-week11_41.DrawingBoard\build\empty" />
    <property name="version-output" value="java version &quot;1.8" />
    <property name="javadoc.preview" value="true" />
    <property name="libs.jpa20-persistence.javadoc" value="" />
    <property name="java.home" value="C:\Program Files\Java\jdk1.8.0_144\jre" />
    <property name="debug.test.classpath" value=":build/classes:lib/hamcrest-core-1.3.jar:lib/junit-4.11.jar:lib/edu-test-utils.jar:build/test/classes" />
    <property name="ant.project.default-target" value="default" />
    <property name="annotation.processing.run.all.processors" value="true" />
    <property name="jar.archive.disabled" value="false" />
    <property name="jnlp.signing.alias" value="" />
    <property name="libs.PostgreSQLDriver.javadoc" value="" />
    <property name="http.nonProxyHosts" value="localhost|127.0.0.1|DESKTOP-F3HUAUH" />
    <property name="libs.junit_4.javadoc" value="D:\Program Files\netbeans\platform\docs\junit-4.12-javadoc.jar" />
    <property name="javac.test.modulepath" value="" />
    <property name="run.classpath" value=":build/classes" />
    <property name="jna.boot.library.name" value="jnidispatch-422" />
    <property name="sun.awt.datatransfer.timeout" value="1000" />
    <property name="annotation.processing.enabled.in.editor" value="false" />
    <property name="nb.native.filechooser" value="false" />
    <property name="sun.management.compiler" value="HotSpot 64-Bit Tiered Compilers" />
    <property name="javac.deprecation" value="false" />
    <property name="javadoc.use" value="true" />
    <property name="sun.java2d.noddraw" value="true" />
    <property name="javac.processorpath" value="" />
    <property name="libs.hamcrest.maven-pom" value="" />
    <property name="libs.junit_5.classpath" value="D:\Program Files\netbeans\platform\modules\ext\junit-jupiter-api-5.3.1.jar;D:\Program Files\netbeans\platform\modules\ext\junit-jupiter-params-5.3.1.jar;D:\Program Files\netbeans\platform\modules\ext\junit-jupiter-engine-5.3.1.jar" />
    <property name="javac.compilerargs" value="" />
    <property name="ant.file" value="D:\Rifqi\NetBeansProjects\mooc-2013-OOProgrammingWithJava-PART2\week11-week11_41.DrawingBoard\build.xml" />
    <property name="jnlp.codebase.type" value="no.codebase" />
    <property name="java.vm.specification.vendor" value="Oracle Corporation" />
    <property name="org.openide.major.version" value="IDE/1" />
    <property name="java.vm.name" value="Java HotSpot(TM) 64-Bit Server VM" />
    <property name="netbeans.user" value="C:\Users\Rifqi\AppData\Roaming\.tmcbeans\8.2.0" />
    <property name="javadoc.additionalparam" value="" />
    <property name="jnlp.offline-allowed" value="false" />
    <property name="java.io.tmpdir" value="C:\Users\Rifqi\AppData\Local\Temp\" />
    <property name="java.vendor.url" value="http://java.oracle.com/" />
    <property name="endorsed.classpath.cmd.line.arg" value="" />
    <property name="jna.loaded" value="true" />
    <property name="sun.boot.library.path" value="C:\Program Files\Java\jdk1.8.0_144\jre\bin" />
    <property name="have.sources" value="true" />
    <property name="libs.hamcrest.javadoc" value="" />
    <property name="debug.classpath" value=":build/classes" />
    <property name="javadoc.private" value="false" />
    <property name="test.src.dir" value="test" />
    <property name="ap.processors.internal" value="" />
    <property name="meta.inf.dir" value="src/META-INF" />
    <property name="javadoc.encoding.used" value="UTF-8" />
    <property name="dist.jar" value="dist/week11_41.DrawingBoard.jar" />
    <property name="libs.spring-framework400.maven-pom" value="" />
    <property name="java.runtime.name" value="Java(TM) SE Runtime Environment" />
    <property name="debug.test.modulepath" value="" />
    <property name="ant.project.name" value="163.PiirtoalustaJaPiirtaminen" />
    <property name="netbeans.hash.code" value="unique=055743472-7009-4dc6-8858-46c81ca6c1c8_be96340d-fd1c-4a97-8275-8ee7205f0b53" />
    <property name="netbeans.default_userdir_root" value="" />
    <property name="manifest.available-mkdist.available" value="true" />
    <property name="sun.cpu.isalist" value="amd64" />
    <property name="libs.spring-framework400.javadoc" value="" />
    <property name="libs.CopyLibs.javadoc" value="" />
    <property name="org.openide.specification.version" value="6.2" />
    <property name="user.home" value="C:\Users\Rifqi" />
    <property name="annotation.processing.processors.list" value="" />
    <property name="debug-args-line" value="-Xdebug" />
    <property name="libs.JWSAntTasks.src" value="" />
    <property name="jar.index" value="false" />
    <property name="libs.CopyLibs.maven-pom" value="" />
    <property name="libs.spring-framework300.javadoc" value="" />
    <property name="libs.absolutelayout.javadoc" value="" />
    <property name="java.specification.name" value="Java Platform API Specification" />
    <property name="do.archive+main.class.available" value="true" />
    <property name="jnlp.mixed.code" value="default" />
    <property name="java.specification.vendor" value="Oracle Corporation" />
    <property name="libs.javac-api.classpath" value="" />
    <property name="java.version" value="1.8.0_144" />
    <property name="javadoc.version" value="false" />
    <property name="javac.processormodulepath" value="" />
    <property name="org.openide.version" value="deprecated" />
    <property name="source.encoding" value="UTF-8" />
    <property name="ap.cmd.line.internal" value="" />
    <property name="libs.eclipselinkmodelgen.maven-pom" value="" />
    <property name="libs.eclipselinkmodelgen.javadoc" value="" />
    <property name="netbeans.home+have.tests" value="true" />
    <property name="annotation.processing.processor.options" value="" />
    <property name="ant.file.159.JatkanshakinSovelluslogiikka-impl" value="D:\Rifqi\NetBeansProjects\mooc-2013-OOProgrammingWithJava-PART2\week11-week11_41.DrawingBoard\nbproject\build-impl.xml" />
    <property name="libs.testng.maven-pom" value="" />
    <property name="libs.jaxb.src" value="" />
    <property name="jdk.launcher.addexports.5" value="java.management/sun.management=ALL-UNNAMED" />
    <property name="jdk.launcher.addexports.4" value="java.desktop/com.sun.java.swing.plaf.windows=ALL-UNNAMED" />
    <property name="jdk.launcher.addexports.3" value="java.desktop/sun.awt.im=ALL-UNNAMED" />
    <property name="work.dir" value="D:\Rifqi\NetBeansProjects\mooc-2013-OOProgrammingWithJava-PART2\week11-week11_41.DrawingBoard" />
    <property name="jdk.launcher.addexports.2" value="java.desktop/java.awt.peer=ALL-UNNAMED" />
    <property name="libs.jaxb.classpath" value="D:\Program Files\netbeans\ide\modules\ext\jaxb\jaxb-impl-2.2.5-2.jar;D:\Program Files\netbeans\ide\modules\ext\jaxb\jaxb-xjc-2.2.5-2.jar;D:\Program Files\netbeans\ide\modules\ext\jaxb\jaxb1-impl-2.2.5-2.jar;D:\Program Files\netbeans\ide\modules\ext\jaxb\activation.jar;D:\Program Files\netbeans\ide\modules\ext\jaxb\api\jaxb-api.jar" />
    <property name="jdk.launcher.addexports.1" value="java.base/jdk.internal.jrtfs=ALL-UNNAMED" />
    <property name="jdk.launcher.addexports.0" value="java.desktop/sun.awt=ALL-UNNAMED" />
    <property name="php.global.include.path" value="" />
    <property name="do.depend" value="false" />
    <property name="dist.javadoc.dir" value="dist/javadoc" />
    <property name="build.generated.dir" value="build/generated" />
    <property name="javac.source" value="1.6" />
    <property name="line.separator" value="&#xd;&#xa;" />
    <property name="java.specification.version" value="1.8" />
    <property name="libs.jaxws21.maven-pom" value="" />
    <property name="java.vm.info" value="mixed mode" />
    <property name="junit.forkmode" value="perTest" />
    <property name="user.country.format" value="ID" />
    <property name="file.reference.hamcrest-core-1.3.jar" value="lib/hamcrest-core-1.3.jar" />
    <property name="sun.boot.class.path" value="C:\Program Files\Java\jdk1.8.0_144\jre\lib\resources.jar;C:\Program Files\Java\jdk1.8.0_144\jre\lib\rt.jar;C:\Program Files\Java\jdk1.8.0_144\jre\lib\sunrsasign.jar;C:\Program Files\Java\jdk1.8.0_144\jre\lib\jsse.jar;C:\Program Files\Java\jdk1.8.0_144\jre\lib\jce.jar;C:\Program Files\Java\jdk1.8.0_144\jre\lib\charsets.jar;C:\Program Files\Java\jdk1.8.0_144\jre\lib\jfr.jar;C:\Program Files\Java\jdk1.8.0_144\jre\classes" />
    <property name="javac.target" value="1.6" />
    <property name="built-jar.properties" value="D:\Rifqi\NetBeansProjects\mooc-2013-OOProgrammingWithJava-PART2\week11-week11_41.DrawingBoard\build\built-jar.properties" />
    <property name="build.test.classes.dir" value="build/test/classes" />
    <property name="src.dir" value="src" />
    <property name="annotation.processing.enabled" value="true" />
    <property name="sun.awt.keepWorkingSetOnMinimize" value="true" />
    <property name="libs.jpa20-persistence.src" value="" />
    <property name="dist.dir" value="dist" />
    <property name="libs.groovy-all.javadoc" value="" />
    <property name="do.archive+manifest.available+main.class" value="true" />
    <property name="javac.fork" value="false" />
    <property name="libs.groovy-all.classpath" value="D:\Program Files\netbeans\groovy\modules\ext\groovy.jar;D:\Program Files\netbeans\groovy\modules\ext\groovy-ant.jar" />
    <property name="java.awt.printerjob" value="sun.awt.windows.WPrinterJob" />
    <property name="default.javac.source" value="1.8" />
    <property name="debug-transport-by-os" value="dt_shmem" />
    <property name="sun.jnu.encoding" value="Cp1252" />
    <property name="java.runtime.version" value="1.8.0_144-b01" />
    <property name="build.test.results.dir" value="build/test/results" />
    <property name="manifest.available+main.class+mkdist.available" value="true" />
    <property name="default.javac.target" value="1.8" />
    <property name="libs.junit_4.classpath" value="D:\Program Files\netbeans\platform\modules\ext\junit-4.12.jar" />
    <property name="user.timezone" value="" />
    <property name="netbeans.dirs" value="D:\Program Files\tmcbeans\tmcbeans;D:\Program Files\tmcbeans\cnd;D:\Program Files\tmcbeans\dlight;D:\Program Files\tmcbeans\extide;D:\Program Files\tmcbeans\harness;D:\Program Files\tmcbeans\ide;D:\Program Files\tmcbeans\java;D:\Program Files\tmcbeans\javafx;D:\Program Files\tmcbeans\nb;D:\Program Files\tmcbeans\webcommon;D:\Program Files\tmcbeans\websvccommon;D:\Program Files\tmcbeans\mavenmodules" />
    <property name="java.ext.dirs" value="C:\Program Files\Java\jdk1.8.0_144\jre\lib\ext;C:\WINDOWS\Sun\Java\lib\ext" />
    <property name="endorsed.classpath" value="" />
    <property name="libs.absolutelayout.classpath" value="D:\Program Files\netbeans\java\modules\ext\AbsoluteLayout.jar" />
    <property name="excludes" value="" />
    <property name="java.class.path" value="D:\Rifqi\NetBeansProjects\mooc-2013-OOProgrammingWithJava-PART2\week11-week11_41.DrawingBoard\build\classes;D:\Rifqi\NetBeansProjects\mooc-2013-OOProgrammingWithJava-PART2\week11-week11_41.DrawingBoard\lib\hamcrest-core-1.3.jar;D:\Rifqi\NetBeansProjects\mooc-2013-OOProgrammingWithJava-PART2\week11-week11_41.DrawingBoard\lib\junit-4.11.jar;D:\Rifqi\NetBeansProjects\mooc-2013-OOProgrammingWithJava-PART2\week11-week11_41.DrawingBoard\lib\edu-test-utils.jar;D:\Rifqi\NetBeansProjects\mooc-2013-OOProgrammingWithJava-PART2\week11-week11_41.DrawingBoard\build\test\classes;D:\Program Files\tmcbeans\extide\ant\lib\ant-launcher.jar;D:\Program Files\tmcbeans\extide\ant\lib\ant.jar;D:\Program Files\tmcbeans\extide\ant\lib\ant-junit.jar;D:\Program Files\tmcbeans\extide\ant\lib\ant-junit4.jar" />
    <property name="apple.laf.useScreenMenuBar" value="true" />
    <property name="do.mkdist" value="true" />
    <property name="file.reference.edu-test-utils.jar" value="lib/edu-test-utils.jar" />
    <property name="libs.absolutelayout.src" value="" />
    <property name="libs.jpa20-persistence.classpath" value="D:\Program Files\netbeans\java\modules\ext\eclipselink\javax.persistence-2.1.0.jar" />
    <property name="libs.junit_5.javadoc" value="D:\Program Files\netbeans\platform\docs\junit-jupiter-api-5.3.1-javadoc.jar;D:\Program Files\netbeans\platform\docs\junit-jupiter-params-5.3.1-javadoc.jar;D:\Program Files\netbeans\platform\docs\junit-jupiter-engine-5.3.1-javadoc.jar" />
    <property name="os.version" value="10.0" />
    <property name="application.args" value="" />
    <property name="sun.awt.enableExtraMouseButtons" value="true" />
    <property name="main.class.available" value="true" />
    <property name="sun.desktop" value="windows" />
    <property name="run.test.modulepath" value="" />
    <property name="nb.internal.action.name" value="run.single" />
    <property name="libs.JAXB-ENDORSED.classpath" value="D:\Program Files\netbeans\ide\modules\ext\jaxb\api\jaxb-api.jar" />
    <property name="libs.eclipselink.classpath" value="D:\Program Files\netbeans\java\modules\ext\eclipselink\org.eclipse.persistence.core-2.5.2.jar;D:\Program Files\netbeans\java\modules\ext\eclipselink\org.eclipse.persistence.asm-2.5.2.jar;D:\Program Files\netbeans\java\modules\ext\eclipselink\org.eclipse.persistence.antlr-2.5.2.jar;D:\Program Files\netbeans\java\modules\ext\eclipselink\org.eclipse.persistence.jpa-2.5.2.jar;D:\Program Files\netbeans\java\modules\ext\eclipselink\org.eclipse.persistence.jpa.jpql-2.5.2.jar;D:\Program Files\netbeans\java\modules\ext\eclipselink\javax.persistence-2.1.0.jar" />
    <property name="java.awt.graphicsenv" value="sun.awt.Win32GraphicsEnvironment" />
    <property name="java.vm.vendor" value="Oracle Corporation" />
    <property name="libs.CopyLibs.classpath" value="D:\Program Files\netbeans\java\ant\extra\org-netbeans-modules-java-j2seproject-copylibstask.jar" />
    <property name="libs.spring-framework300.classpath" value="D:\Program Files\netbeans\ide\modules\org-apache-commons-logging.jar;D:\Program Files\netbeans\java\modules\ext\cglib-2.2.jar;D:\Program Files\netbeans\java\modules\ext\spring-3.0\spring-aop-3.2.7.RELEASE.jar;D:\Program Files\netbeans\java\modules\ext\spring-3.0\spring-aspects-3.2.7.RELEASE.jar;D:\Program Files\netbeans\java\modules\ext\spring-3.0\spring-beans-3.2.7.RELEASE.jar;D:\Program Files\netbeans\java\modules\ext\spring-3.0\spring-build-src-3.2.7.RELEASE.jar;D:\Program Files\netbeans\java\modules\ext\spring-3.0\spring-context-3.2.7.RELEASE.jar;D:\Program Files\netbeans\java\modules\ext\spring-3.0\spring-context-support-3.2.7.RELEASE.jar;D:\Program Files\netbeans\java\modules\ext\spring-3.0\spring-core-3.2.7.RELEASE.jar;D:\Program Files\netbeans\java\modules\ext\spring-3.0\spring-expression-3.2.7.RELEASE.jar;D:\Program Files\netbeans\java\modules\ext\spring-3.0\spring-framework-bom-3.2.7.RELEASE.jar;D:\Program Files\netbeans\java\modules\ext\spring-3.0\spring-instrument-3.2.7.RELEASE.jar;D:\Program Files\netbeans\java\modules\ext\spring-3.0\spring-instrument-tomcat-3.2.7.RELEASE.jar;D:\Program Files\netbeans\java\modules\ext\spring-3.0\spring-jdbc-3.2.7.RELEASE.jar;D:\Program Files\netbeans\java\modules\ext\spring-3.0\spring-jms-3.2.7.RELEASE.jar;D:\Program Files\netbeans\java\modules\ext\spring-3.0\spring-orm-3.2.7.RELEASE.jar;D:\Program Files\netbeans\java\modules\ext\spring-3.0\spring-oxm-3.2.7.RELEASE.jar;D:\Program Files\netbeans\java\modules\ext\spring-3.0\spring-struts-3.2.7.RELEASE.jar;D:\Program Files\netbeans\java\modules\ext\spring-3.0\spring-test-3.2.7.RELEASE.jar;D:\Program Files\netbeans\java\modules\ext\spring-3.0\spring-tx-3.2.7.RELEASE.jar;D:\Program Files\netbeans\java\modules\ext\spring-3.0\spring-web-3.2.7.RELEASE.jar;D:\Program Files\netbeans\java\modules\ext\spring-3.0\spring-webmvc-3.2.7.RELEASE.jar;D:\Program Files\netbeans\java\modules\ext\spring-3.0\spring-webmvc-portlet-3.2.7.RELEASE.jar" />
    <property name="libs.junit_5.maven-pom" value="" />
    <property name="libs.hamcrest.src" value="" />
    <property name="run.jvmargs" value="" />
    <property name="libs.JAXB-ENDORSED.src" value="" />
    <property name="libs.testng.javadoc" value="D:\Program Files\netbeans\platform\docs\testng-6.8.1-javadoc.zip" />
    <property name="libs.PostgreSQLDriver.classpath" value="D:\Program Files\netbeans\ide\modules\ext\postgresql-42.2.5.jar" />
    <property name="user.script" value="" />
    <property name="jnlp.signing" value="" />
    <property name="annotation.processing.source.output" value="build/generated-sources/ap-source-output" />
    <property name="jnlp.signed" value="false" />
    <property name="main.class" value="drawing.ui.Main" />
    <property name="libs.CopyLibs.src" value="" />
    <property name="build.dir" value="build" />
    <property name="debug.modulepath" value="" />
    <property name="ant.version" value="Apache Ant(TM) version 1.9.7 compiled on April 9 2016" />
    <property name="file.encoding" value="Cp1252" />
    <property name="build.classes.excludes" value="**/*.java,**/*.form" />
    <property name="jdkBug6558476" value="false" />
    <property name="javadoc.nonavbar" value="false" />
    <property name="platform.active" value="default_platform" />
    <property name="awt.toolkit" value="sun.awt.windows.WToolkit" />
  </properties>
  <testcase classname="DrawingBoardTest" name="usingFillRectMethod" time="0.234" />
  <testcase classname="DrawingBoardTest" name="sizeOK" time="0.063" />
  <testcase classname="DrawingBoardTest" name="drawingSmiley" time="0.14" />
  <testcase classname="DrawingBoardTest" name="hasDrawingBoard" time="0.0" />
  <testcase classname="DrawingBoardTest" name="drawingBoardUsingCorrectMethods" time="0.0" />
  <testcase classname="DrawingBoardTest" name="smileyDrawnWithFiveFillRectCalls" time="0.0" />
  <system-out><![CDATA[]]></system-out>
  <system-err><![CDATA[]]></system-err>
</testsuite>
